0 info it worked if it ends with ok
1 verbose cli [ '/Users/k_kuwahara/.nodebrew/node/v6.10.3/bin/node',
1 verbose cli   '/Users/k_kuwahara/.nodebrew/current/bin/npm',
1 verbose cli   'run',
1 verbose cli   'start' ]
2 info using npm@3.10.10
3 info using node@v6.10.3
4 verbose run-script [ 'prestart', 'start', 'poststart' ]
5 info lifecycle books@0.0.0~prestart: books@0.0.0
6 silly lifecycle books@0.0.0~prestart: no script for prestart, continuing
7 info lifecycle books@0.0.0~start: books@0.0.0
8 verbose lifecycle books@0.0.0~start: unsafe-perm in lifecycle true
9 verbose lifecycle books@0.0.0~start: PATH: /Users/k_kuwahara/.nodebrew/node/v6.10.3/lib/node_modules/npm/bin/node-gyp-bin:/Users/k_kuwahara/repositories/github.com/k-kuwahara/books/node_modules/.bin:/Users/k_kuwahara/.nodebrew/node/v6.10.3/bin:/Users/k_kuwahara/.rbenv/shims:/Users/k_kuwahara/.nodebrew/current/bin:/usr/local/bin:/usr/bin:/bin:/usr/sbin:/sbin:/usr/local/Cellar/elasticsearch/6.0.0_1/libexec/bin:/Users/k_kuwahara/bin
10 verbose lifecycle books@0.0.0~start: CWD: /Users/k_kuwahara/repositories/github.com/k-kuwahara/books
11 silly lifecycle books@0.0.0~start: Args: [ '-c', 'gitbook serve' ]
12 silly lifecycle books@0.0.0~start: Returned: code: 1  signal: null
13 info lifecycle books@0.0.0~start: Failed to exec start script
14 verbose stack Error: books@0.0.0 start: `gitbook serve`
14 verbose stack Exit status 1
14 verbose stack     at EventEmitter.<anonymous> (/Users/k_kuwahara/.nodebrew/node/v6.10.3/lib/node_modules/npm/lib/utils/lifecycle.js:255:16)
14 verbose stack     at emitTwo (events.js:106:13)
14 verbose stack     at EventEmitter.emit (events.js:191:7)
14 verbose stack     at ChildProcess.<anonymous> (/Users/k_kuwahara/.nodebrew/node/v6.10.3/lib/node_modules/npm/lib/utils/spawn.js:40:14)
14 verbose stack     at emitTwo (events.js:106:13)
14 verbose stack     at ChildProcess.emit (events.js:191:7)
14 verbose stack     at maybeClose (internal/child_process.js:886:16)
14 verbose stack     at Process.ChildProcess._handle.onexit (internal/child_process.js:226:5)
15 verbose pkgid books@0.0.0
16 verbose cwd /Users/k_kuwahara/repositories/github.com/k-kuwahara/books/pages/riot
17 error Darwin 16.7.0
18 error argv "/Users/k_kuwahara/.nodebrew/node/v6.10.3/bin/node" "/Users/k_kuwahara/.nodebrew/current/bin/npm" "run" "start"
19 error node v6.10.3
20 error npm  v3.10.10
21 error code ELIFECYCLE
22 error books@0.0.0 start: `gitbook serve`
22 error Exit status 1
23 error Failed at the books@0.0.0 start script 'gitbook serve'.
23 error Make sure you have the latest version of node.js and npm installed.
23 error If you do, this is most likely a problem with the books package,
23 error not with npm itself.
23 error Tell the author that this fails on your system:
23 error     gitbook serve
23 error You can get information on how to open an issue for this project with:
23 error     npm bugs books
23 error Or if that isn't available, you can get their info via:
23 error     npm owner ls books
23 error There is likely additional logging output above.
24 verbose exit [ 1, true ]
